<?xml version="1.0" encoding="UTF-8"?>
<!-- Generated by org.testng.reporters.JUnitReportReporter -->
<testsuite hostname="vkumarMac.local" name="com.uber.foodtruck.FoodTruckCacheTest" tests="1" failures="0" timestamp="1 Aug 2014 23:37:43 GMT" time="0.369" errors="0">
  <testcase name="setFoodTruckCacheTest" time="0.369" classname="com.uber.foodtruck.FoodTruckCacheTest"/>
</testsuite> <!-- com.uber.foodtruck.FoodTruckCacheTest -->
