<?xml version="1.0" encoding="UTF-8"?>
<!-- Generated by org.testng.reporters.JUnitReportReporter -->
<testsuite hostname="vkumarmac" name="com.uber.foodtruck.service.impl.FoodTruckServiceImplTest" tests="2" failures="0" timestamp="3 Aug 2014 19:13:31 GMT" time="2.675" errors="0">
  <testcase name="getFoodTruckListFromUrl" time="2.470" classname="com.uber.foodtruck.service.impl.FoodTruckServiceImplTest"/>
  <testcase name="getListOfFoodTrucksTest" time="0.205" classname="com.uber.foodtruck.service.impl.FoodTruckServiceImplTest"/>
</testsuite> <!-- com.uber.foodtruck.service.impl.FoodTruckServiceImplTest -->
